<?xml version="1.0" encoding="UTF-8"?>
<!-- Generated by org.testng.reporters.JUnitReportReporter -->
<testsuite hostname="bhaskar-PC" name="testcases.VerifyHomePage" tests="1" failures="0" timestamp="18 Oct 2016 21:47:55 GMT" time="8.551" errors="0">
  <testcase name="testHomePage" time="8.551" classname="testcases.VerifyHomePage"/>
</testsuite> <!-- testcases.VerifyHomePage -->
