<?xml version="1.0" encoding="UTF-8"?>
<!-- Generated by org.testng.reporters.JUnitReportReporter -->
<testsuite hostname="bhaskar-PC" name="testcases.VerifyLoginPage" tests="1" failures="0" timestamp="18 Oct 2016 21:47:55 GMT" time="21.094" errors="0">
  <testcase name="testHomePage" time="21.094" classname="testcases.VerifyLoginPage"/>
</testsuite> <!-- testcases.VerifyLoginPage -->
