<?xml version="1.0" encoding="UTF-8"?>
<!-- Generated by org.testng.reporters.JUnitReportReporter -->
<testsuite hostname="bhaskar-PC" name="testcases.VerifyLoginPage" tests="1" failures="0" timestamp="19 Oct 2016 12:54:56 GMT" time="22.504" errors="0">
  <testcase name="testHomePage" time="22.504" classname="testcases.VerifyLoginPage"/>
</testsuite> <!-- testcases.VerifyLoginPage -->
